c:\users\won\desktop\project\mysticrenewal\mysticrenewal\debug\vc120.pdb
c:\users\won\desktop\project\mysticrenewal\mysticrenewal\debug\vc120.idb
c:\users\won\desktop\project\mysticrenewal\mysticrenewal\debug\scenemanager.obj
c:\users\won\desktop\project\mysticrenewal\mysticrenewal\debug\stdafx.obj
c:\users\won\desktop\project\mysticrenewal\mysticrenewal\debug\logoscene.obj
c:\users\won\desktop\project\mysticrenewal\mysticrenewal\debug\direct3dx.obj
c:\users\won\desktop\project\mysticrenewal\mysticrenewal\debug\node.obj
c:\users\won\desktop\project\mysticrenewal\mysticrenewal\debug\sprite3d.obj
c:\users\won\desktop\project\mysticrenewal\mysticrenewal\debug\layer.obj
c:\users\won\desktop\project\mysticrenewal\mysticrenewal\debug\scene.obj
c:\users\won\desktop\project\mysticrenewal\mysticrenewal\debug\sprite.obj
c:\users\won\desktop\project\mysticrenewal\mysticrenewal\debug\texture.obj
c:\users\won\desktop\project\mysticrenewal\mysticrenewal\debug\ingamescene.obj
c:\users\won\desktop\project\mysticrenewal\mysticrenewal\debug\main.obj
c:\users\won\desktop\project\mysticrenewal\mysticrenewal\debug\camera.obj
c:\users\won\desktop\project\mysticrenewal\mysticrenewal\debug\data.obj
c:\users\won\desktop\project\mysticrenewal\mysticrenewal\debug\point.obj
c:\users\won\desktop\project\mysticrenewal\mysticrenewal\debug\rect.obj
c:\users\won\desktop\project\mysticrenewal\mysticrenewal\debug\size.obj
c:\users\won\desktop\project\mysticrenewal\mysticrenewal\debug\value.obj
c:\users\won\desktop\project\mysticrenewal\mysticrenewal\debug\directxinput.obj
c:\users\won\desktop\project\mysticrenewal\mysticrenewal\debug\director.obj
c:\users\won\desktop\project\mysticrenewal\mysticrenewal\debug\filemanager.obj
c:\users\won\desktop\project\mysticrenewal\mysticrenewal\debug\texturemanager.obj
c:\users\won\desktop\project\mysticrenewal\mysticrenewal\debug\maptoolscene.obj
c:\users\won\desktop\project\mysticrenewal\debug\mysticrenewal.ilk
c:\users\won\desktop\project\mysticrenewal\debug\mysticrenewal.exe
c:\users\won\desktop\project\mysticrenewal\debug\mysticrenewal.pdb
c:\users\won\desktop\project\mysticrenewal\mysticrenewal\debug\mysticrenewal.res
c:\users\won\desktop\project\mysticrenewal\mysticrenewal\debug\mysticrenewal.tlog\cl.command.1.tlog
c:\users\won\desktop\project\mysticrenewal\mysticrenewal\debug\mysticrenewal.tlog\cl.read.1.tlog
c:\users\won\desktop\project\mysticrenewal\mysticrenewal\debug\mysticrenewal.tlog\cl.write.1.tlog
c:\users\won\desktop\project\mysticrenewal\mysticrenewal\debug\mysticrenewal.tlog\link.command.1.tlog
c:\users\won\desktop\project\mysticrenewal\mysticrenewal\debug\mysticrenewal.tlog\link.read.1.tlog
c:\users\won\desktop\project\mysticrenewal\mysticrenewal\debug\mysticrenewal.tlog\link.write.1.tlog
c:\users\won\desktop\project\mysticrenewal\mysticrenewal\debug\mysticrenewal.tlog\rc.command.1.tlog
c:\users\won\desktop\project\mysticrenewal\mysticrenewal\debug\mysticrenewal.tlog\rc.read.1.tlog
c:\users\won\desktop\project\mysticrenewal\mysticrenewal\debug\mysticrenewal.tlog\rc.write.1.tlog
